<?xml version="1.0" encoding="UTF-8"?>
<testng-results ignored="0" total="5" passed="4" failed="1" skipped="0">
  <reporter-output>
  </reporter-output>
  <suite started-at="2020-06-06T01:53:59 CEST" name="Default suite" finished-at="2020-06-06T01:54:15 CEST" duration-ms="15629">
    <groups>
      <group name="bonding">
        <method signature="TC_Classe1.tc01LaunchURL()[pri:0, instance:com.group.guru99.TC_Classe1@3f56875e]" name="tc01LaunchURL" class="com.group.guru99.TC_Classe1"/>
        <method signature="TC_Classe1.tc02VerifyLaunchPage()[pri:0, instance:com.group.guru99.TC_Classe1@3f56875e]" name="tc02VerifyLaunchPage" class="com.group.guru99.TC_Classe1"/>
        <method signature="TC_Classe1.tc03EnterCredentials()[pri:0, instance:com.group.guru99.TC_Classe1@3f56875e]" name="tc03EnterCredentials" class="com.group.guru99.TC_Classe1"/>
        <method signature="TC_Classe1.tc05VerifyHyperlinks()[pri:0, instance:com.group.guru99.TC_Classe1@3f56875e]" name="tc05VerifyHyperlinks" class="com.group.guru99.TC_Classe1"/>
      </group> <!-- bonding -->
      <group name="strong_ties">
        <method signature="TC_Classe1.tc01LaunchURL()[pri:0, instance:com.group.guru99.TC_Classe1@3f56875e]" name="tc01LaunchURL" class="com.group.guru99.TC_Classe1"/>
        <method signature="TC_Classe1.tc03EnterCredentials()[pri:0, instance:com.group.guru99.TC_Classe1@3f56875e]" name="tc03EnterCredentials" class="com.group.guru99.TC_Classe1"/>
        <method signature="TC_Classe1.tc04VerifyLoggedInPage()[pri:0, instance:com.group.guru99.TC_Classe1@3f56875e]" name="tc04VerifyLoggedInPage" class="com.group.guru99.TC_Classe1"/>
      </group> <!-- strong_ties -->
    </groups>
    <test started-at="2020-06-06T01:53:59 CEST" name="Default test" finished-at="2020-06-06T01:54:15 CEST" duration-ms="15629">
      <class name="com.group.guru99.TC_Classe1">
        <test-method signature="tc01LaunchURL()[pri:0, instance:com.group.guru99.TC_Classe1@3f56875e]" started-at="2020-06-06T01:53:59 CEST" name="tc01LaunchURL" finished-at="2020-06-06T01:54:12 CEST" duration-ms="12502" status="PASS">
          <reporter-output>
          </reporter-output>
        </test-method> <!-- tc01LaunchURL -->
        <test-method signature="tc02VerifyLaunchPage()[pri:0, instance:com.group.guru99.TC_Classe1@3f56875e]" started-at="2020-06-06T01:54:12 CEST" name="tc02VerifyLaunchPage" finished-at="2020-06-06T01:54:12 CEST" duration-ms="396" status="FAIL">
          <exception class="java.lang.AssertionError">
            <message>
              <![CDATA[Home Page heading is not displayed expected [true] but found [false]]]>
            </message>
            <full-stacktrace>
              <![CDATA[java.lang.AssertionError: Home Page heading is not displayed expected [true] but found [false]
at org.testng.Assert.fail(Assert.java:97)
at org.testng.Assert.failNotEquals(Assert.java:968)
at org.testng.Assert.assertTrue(Assert.java:43)
at com.group.guru99.TC_Classe1.tc02VerifyLaunchPage(TC_Classe1.java:48)
at java.base/jdk.internal.reflect.NativeMethodAccessorImpl.invoke0(Native Method)
at java.base/jdk.internal.reflect.NativeMethodAccessorImpl.invoke(NativeMethodAccessorImpl.java:62)
at java.base/jdk.internal.reflect.DelegatingMethodAccessorImpl.invoke(DelegatingMethodAccessorImpl.java:43)
at java.base/java.lang.reflect.Method.invoke(Method.java:566)
at org.testng.internal.MethodInvocationHelper.invokeMethod(MethodInvocationHelper.java:135)
at org.testng.internal.TestInvoker.invokeMethod(TestInvoker.java:598)
at org.testng.internal.TestInvoker.invokeTestMethod(TestInvoker.java:174)
at org.testng.internal.MethodRunner.runInSequence(MethodRunner.java:46)
at org.testng.internal.TestInvoker$MethodInvocationAgent.invoke(TestInvoker.java:821)
at org.testng.internal.TestInvoker.invokeTestMethods(TestInvoker.java:147)
at org.testng.internal.TestMethodWorker.invokeTestMethods(TestMethodWorker.java:146)
at org.testng.internal.TestMethodWorker.run(TestMethodWorker.java:128)
at java.base/java.util.ArrayList.forEach(ArrayList.java:1540)
at org.testng.TestRunner.privateRun(TestRunner.java:767)
at org.testng.TestRunner.run(TestRunner.java:588)
at org.testng.SuiteRunner.runTest(SuiteRunner.java:384)
at org.testng.SuiteRunner.runSequentially(SuiteRunner.java:378)
at org.testng.SuiteRunner.privateRun(SuiteRunner.java:337)
at org.testng.SuiteRunner.run(SuiteRunner.java:286)
at org.testng.SuiteRunnerWorker.runSuite(SuiteRunnerWorker.java:53)
at org.testng.SuiteRunnerWorker.run(SuiteRunnerWorker.java:96)
at org.testng.TestNG.runSuitesSequentially(TestNG.java:1214)
at org.testng.TestNG.runSuitesLocally(TestNG.java:1136)
at org.testng.TestNG.runSuites(TestNG.java:1066)
at org.testng.TestNG.run(TestNG.java:1034)
at org.testng.remote.AbstractRemoteTestNG.run(AbstractRemoteTestNG.java:115)
at org.testng.remote.RemoteTestNG.initAndRun(RemoteTestNG.java:251)
at org.testng.remote.RemoteTestNG.main(RemoteTestNG.java:77)
]]>
            </full-stacktrace>
          </exception> <!-- java.lang.AssertionError -->
          <reporter-output>
          </reporter-output>
        </test-method> <!-- tc02VerifyLaunchPage -->
        <test-method signature="tc03EnterCredentials()[pri:0, instance:com.group.guru99.TC_Classe1@3f56875e]" started-at="2020-06-06T01:54:12 CEST" name="tc03EnterCredentials" finished-at="2020-06-06T01:54:14 CEST" duration-ms="1981" status="PASS">
          <reporter-output>
          </reporter-output>
        </test-method> <!-- tc03EnterCredentials -->
        <test-method signature="tc04VerifyLoggedInPage()[pri:0, instance:com.group.guru99.TC_Classe1@3f56875e]" started-at="2020-06-06T01:54:14 CEST" name="tc04VerifyLoggedInPage" finished-at="2020-06-06T01:54:14 CEST" duration-ms="302" status="PASS">
          <reporter-output>
          </reporter-output>
        </test-method> <!-- tc04VerifyLoggedInPage -->
        <test-method signature="tc05VerifyHyperlinks()[pri:0, instance:com.group.guru99.TC_Classe1@3f56875e]" started-at="2020-06-06T01:54:14 CEST" name="tc05VerifyHyperlinks" finished-at="2020-06-06T01:54:15 CEST" duration-ms="335" status="PASS">
          <reporter-output>
          </reporter-output>
        </test-method> <!-- tc05VerifyHyperlinks -->
      </class> <!-- com.group.guru99.TC_Classe1 -->
    </test> <!-- Default test -->
  </suite> <!-- Default suite -->
</testng-results>
